<?xml version="1.0" encoding="UTF-8"?>
<robot generator="Robot 3.2.2 (Python 3.7.3 on win32)" generated="20210124 13:55:37.955" rpa="false">
<suite id="s1" name="Amazon" source="C:\RobotPractice\robot-scripts\first-scripts\Tests\Amazon.robot">
<test id="s1-t1" name="User must sign in to check out">
<kw name="Open Browser" library="SeleniumLibrary">
<doc>Opens a new browser instance to the optional ``url``.</doc>
<arguments>
<arg>http://www.amazon.in</arg>
<arg>chrome</arg>
</arguments>
<msg timestamp="20210124 13:55:38.313" level="INFO">Opening browser 'chrome' to base url 'http://www.amazon.in'.</msg>
<status status="PASS" starttime="20210124 13:55:38.312" endtime="20210124 13:55:50.825"></status>
</kw>
<kw name="Maximize Browser Window" library="SeleniumLibrary">
<doc>Maximizes current browser window.</doc>
<status status="PASS" starttime="20210124 13:55:50.826" endtime="20210124 13:55:52.957"></status>
</kw>
<kw name="Wait Until Page Contains" library="SeleniumLibrary">
<doc>Waits until ``text`` appears on the current page.</doc>
<arguments>
<arg>amazon.in</arg>
</arguments>
<status status="PASS" starttime="20210124 13:55:52.957" endtime="20210124 13:55:53.111"></status>
</kw>
<kw name="Input Text" library="SeleniumLibrary">
<doc>Types the given ``text`` into the text field identified by ``locator``.</doc>
<arguments>
<arg>id=twotabsearchtextbox</arg>
<arg>Ferrari 458</arg>
</arguments>
<msg timestamp="20210124 13:55:53.112" level="INFO">Typing text 'Ferrari 458' into text field 'id=twotabsearchtextbox'.</msg>
<status status="PASS" starttime="20210124 13:55:53.111" endtime="20210124 13:55:53.476"></status>
</kw>
<kw name="Click Button" library="SeleniumLibrary">
<doc>Clicks the button identified by ``locator``.</doc>
<arguments>
<arg>css=[value='Go']</arg>
</arguments>
<msg timestamp="20210124 13:55:53.478" level="INFO">Clicking button 'css=[value='Go']'.</msg>
<status status="PASS" starttime="20210124 13:55:53.477" endtime="20210124 13:55:56.607"></status>
</kw>
<kw name="Wait Until Page Contains" library="SeleniumLibrary">
<doc>Waits until ``text`` appears on the current page.</doc>
<arguments>
<arg>results for "Ferrari 458"</arg>
</arguments>
<status status="PASS" starttime="20210124 13:55:56.608" endtime="20210124 13:55:56.746"></status>
</kw>
<kw name="Click Link" library="SeleniumLibrary">
<doc>Clicks a link identified by ``locator``.</doc>
<arguments>
<arg>xpath = //span[contains(text(),'Deliababy Ferrari 458 Italia, Red')]/parent::a</arg>
</arguments>
<msg timestamp="20210124 13:55:56.747" level="INFO">Clicking link 'xpath = //span[contains(text(),'Deliababy Ferrari 458 Italia, Red')]/parent::a'.</msg>
<status status="PASS" starttime="20210124 13:55:56.747" endtime="20210124 13:55:57.668"></status>
</kw>
<kw name="Select Window" library="SeleniumLibrary">
<doc>DEPRECATED in SeleniumLibrary 4.0. , use `Switch Window` instead.</doc>
<arguments>
<arg>Buy Deliababy Ferrari 458 Italia, Red Online at Low Prices in India - Amazon.in</arg>
</arguments>
<status status="PASS" starttime="20210124 13:55:57.669" endtime="20210124 13:56:00.408"></status>
</kw>
<kw name="Wait Until Page Contains" library="SeleniumLibrary">
<doc>Waits until ``text`` appears on the current page.</doc>
<arguments>
<arg>Back to results</arg>
</arguments>
<status status="PASS" starttime="20210124 13:56:00.408" endtime="20210124 13:56:00.451"></status>
</kw>
<kw name="Click Button" library="SeleniumLibrary">
<doc>Clicks the button identified by ``locator``.</doc>
<arguments>
<arg>id=add-to-cart-button</arg>
</arguments>
<msg timestamp="20210124 13:56:00.453" level="INFO">Clicking button 'id=add-to-cart-button'.</msg>
<status status="PASS" starttime="20210124 13:56:00.452" endtime="20210124 13:56:01.949"></status>
</kw>
<kw name="Wait Until Page Contains" library="SeleniumLibrary">
<doc>Waits until ``text`` appears on the current page.</doc>
<arguments>
<arg>Added to Cart</arg>
</arguments>
<status status="PASS" starttime="20210124 13:56:01.950" endtime="20210124 13:56:02.022"></status>
</kw>
<kw name="Click Link" library="SeleniumLibrary">
<doc>Clicks a link identified by ``locator``.</doc>
<arguments>
<arg>id = hlb-ptc-btn-native</arg>
</arguments>
<msg timestamp="20210124 13:56:02.023" level="INFO">Clicking link 'id = hlb-ptc-btn-native'.</msg>
<status status="PASS" starttime="20210124 13:56:02.023" endtime="20210124 13:56:03.048"></status>
</kw>
<kw name="Wait Until Page Contains" library="SeleniumLibrary">
<doc>Waits until ``text`` appears on the current page.</doc>
<arguments>
<arg>Login</arg>
</arguments>
<status status="PASS" starttime="20210124 13:56:03.050" endtime="20210124 13:56:03.072"></status>
</kw>
<kw name="Close Browser" library="SeleniumLibrary">
<doc>Closes the current browser.</doc>
<status status="PASS" starttime="20210124 13:56:03.072" endtime="20210124 13:56:07.275"></status>
</kw>
<doc>This is some basic test</doc>
<tags>
<tag>Smoke</tag>
</tags>
<status status="PASS" starttime="20210124 13:55:38.311" endtime="20210124 13:56:07.276" critical="yes"></status>
</test>
<doc>This is my first practice robot script</doc>
<status status="PASS" starttime="20210124 13:55:37.958" endtime="20210124 13:56:07.279"></status>
</suite>
<statistics>
<total>
<stat pass="1" fail="0">Critical Tests</stat>
<stat pass="1" fail="0">All Tests</stat>
</total>
<tag>
<stat pass="1" fail="0">Smoke</stat>
</tag>
<suite>
<stat pass="1" fail="0" id="s1" name="Amazon">Amazon</stat>
</suite>
</statistics>
<errors>
</errors>
</robot>
