<?xml version="1.0" encoding="UTF-8"?>
<robot generator="Robot 3.1.2 (Python 3.7.3 on win32)" generated="20190902 14:22:50.358" rpa="false">
<suite id="s1" name="Amazon" source="C:\RobotPractice\robot-scripts\first-scripts\tests\amazon.robot">
<test id="s1-t1" name="User must sign in to check out">
<kw name="Open Browser" library="SeleniumLibrary">
<doc>Opens a new browser instance to the given ``url``.</doc>
<arguments>
<arg>http://www.amazon.in</arg>
<arg>chrome</arg>
</arguments>
<msg timestamp="20190902 14:22:50.650" level="INFO">Opening browser 'chrome' to base url 'http://www.amazon.in'.</msg>
<status status="PASS" starttime="20190902 14:22:50.650" endtime="20190902 14:23:01.226"></status>
</kw>
<kw name="Wait Until Page Contains" library="SeleniumLibrary">
<doc>Waits until ``text`` appears on current page.</doc>
<arguments>
<arg>Your Amazon.in</arg>
</arguments>
<status status="PASS" starttime="20190902 14:23:01.226" endtime="20190902 14:23:01.483"></status>
</kw>
<kw name="Input Text" library="SeleniumLibrary">
<doc>Types the given ``text`` into text field identified by ``locator``.</doc>
<arguments>
<arg>id=twotabsearchtextbox</arg>
<arg>Ferrari 458</arg>
</arguments>
<msg timestamp="20190902 14:23:01.485" level="INFO">Typing text 'Ferrari 458' into text field 'id=twotabsearchtextbox'.</msg>
<status status="PASS" starttime="20190902 14:23:01.485" endtime="20190902 14:23:01.798"></status>
</kw>
<kw name="Click Button" library="SeleniumLibrary">
<doc>Clicks button identified by ``locator``.</doc>
<arguments>
<arg>css=[value='Go']</arg>
</arguments>
<msg timestamp="20190902 14:23:01.799" level="INFO">Clicking button 'css=[value='Go']'.</msg>
<status status="PASS" starttime="20190902 14:23:01.799" endtime="20190902 14:23:04.935"></status>
</kw>
<kw name="Wait Until Page Contains" library="SeleniumLibrary">
<doc>Waits until ``text`` appears on current page.</doc>
<arguments>
<arg>results for "Ferrari 458"</arg>
</arguments>
<status status="PASS" starttime="20190902 14:23:04.936" endtime="20190902 14:23:05.004"></status>
</kw>
<kw name="Click Link" library="SeleniumLibrary">
<doc>Clicks a link identified by ``locator``.</doc>
<arguments>
<arg>xpath = (//a[@class='a-link-normal a-text-normal'])[1]</arg>
</arguments>
<msg timestamp="20190902 14:23:05.004" level="INFO">Clicking link 'xpath = (//a[@class='a-link-normal a-text-normal'])[1]'.</msg>
<status status="PASS" starttime="20190902 14:23:05.004" endtime="20190902 14:23:05.326"></status>
</kw>
<kw name="Select Window" library="SeleniumLibrary">
<doc>Selects browser window matching ``locator``.</doc>
<arguments>
<arg>Buy ToysCentral Ferrari 458 Speciale A 1:24 Scale Remote Controlled Car, Officially Licensed Rastar Model, Red Online at Low Prices in India - Amazon.in</arg>
</arguments>
<status status="PASS" starttime="20190902 14:23:05.327" endtime="20190902 14:23:08.051"></status>
</kw>
<kw name="Wait Until Page Contains" library="SeleniumLibrary">
<doc>Waits until ``text`` appears on current page.</doc>
<arguments>
<arg>Back to results</arg>
</arguments>
<status status="PASS" starttime="20190902 14:23:08.052" endtime="20190902 14:23:08.101"></status>
</kw>
<kw name="Click Button" library="SeleniumLibrary">
<doc>Clicks button identified by ``locator``.</doc>
<arguments>
<arg>id=add-to-cart-button</arg>
</arguments>
<msg timestamp="20190902 14:23:08.102" level="INFO">Clicking button 'id=add-to-cart-button'.</msg>
<status status="PASS" starttime="20190902 14:23:08.101" endtime="20190902 14:23:09.615"></status>
</kw>
<kw name="Wait Until Page Contains" library="SeleniumLibrary">
<doc>Waits until ``text`` appears on current page.</doc>
<arguments>
<arg>Added to Cart</arg>
</arguments>
<status status="PASS" starttime="20190902 14:23:09.616" endtime="20190902 14:23:09.677"></status>
</kw>
<kw name="Click Link" library="SeleniumLibrary">
<doc>Clicks a link identified by ``locator``.</doc>
<arguments>
<arg>id = hlb-ptc-btn-native</arg>
</arguments>
<msg timestamp="20190902 14:23:09.678" level="INFO">Clicking link 'id = hlb-ptc-btn-native'.</msg>
<status status="PASS" starttime="20190902 14:23:09.677" endtime="20190902 14:23:10.828"></status>
</kw>
<kw name="Wait Until Page Contains" library="SeleniumLibrary">
<doc>Waits until ``text`` appears on current page.</doc>
<arguments>
<arg>Login</arg>
</arguments>
<status status="PASS" starttime="20190902 14:23:10.829" endtime="20190902 14:23:10.849"></status>
</kw>
<kw name="Close Browser" library="SeleniumLibrary">
<doc>Closes the current browser.</doc>
<status status="PASS" starttime="20190902 14:23:10.850" endtime="20190902 14:23:15.155"></status>
</kw>
<doc>This is some basic test</doc>
<tags>
<tag>Smoke</tag>
</tags>
<status status="PASS" starttime="20190902 14:22:50.648" endtime="20190902 14:23:15.156" critical="yes"></status>
</test>
<doc>This is my first practice robot script</doc>
<status status="PASS" starttime="20190902 14:22:50.362" endtime="20190902 14:23:15.158"></status>
</suite>
<statistics>
<total>
<stat pass="1" fail="0">Critical Tests</stat>
<stat pass="1" fail="0">All Tests</stat>
</total>
<tag>
<stat pass="1" fail="0">Smoke</stat>
</tag>
<suite>
<stat pass="1" fail="0" id="s1" name="Amazon">Amazon</stat>
</suite>
</statistics>
<errors>
</errors>
</robot>
